2017-03-09 15:20:42 dev_log : [INFO] groups:1
2017-03-09 15:20:43 dev_log : [STEP] [点击我的] 
2017-03-09 15:20:43 dev_log : [INFO] [点击 -> -android uiautomator: text("我的")]
2017-03-09 15:20:45 dev_log : [STEP] [点击提醒 设置] 
2017-03-09 15:20:45 dev_log : [INFO] [点击 -> -android uiautomator: text("提醒设置")]
2017-03-09 15:20:46 dev_log : [STEP] [进入定时执行提醒界面] 
2017-03-09 15:20:46 dev_log : [INFO] [点击 -> -android uiautomator: text("定时执行提醒")]
2017-03-09 15:20:48 dev_log : [STEP] [进入定时执行提醒界面] 
2017-03-09 15:20:48 dev_log : [INFO] [点击 -> -android uiautomator: text("定时执行提醒")]
2017-03-09 15:20:53 dev_log : [STEP] [进入定时执行提醒界面] 
2017-03-09 15:20:53 dev_log : [INFO] [点击 -> -android uiautomator: text("定时执行提醒")]
2017-03-09 15:20:59 dev_log : [STEP] [进入定时执行提醒界面] 
2017-03-09 15:20:59 dev_log : [INFO] [点击 -> -android uiautomator: text("定时执行提醒")]
2017-03-09 15:21:04 dev_log : [STEP] [进入定时执行提醒界面] 
2017-03-09 15:21:04 dev_log : [INFO] [点击 -> -android uiautomator: text("定时执行提醒")]
2017-03-09 15:21:07 dev_log : [STEP] [进入定时执行提醒界面] 
2017-03-09 15:21:07 dev_log : [INFO] [点击 -> -android uiautomator: text("定时执行提醒")]
2017-03-09 15:21:12 dev_log : [STEP] [进入定时执行提醒界面] 
2017-03-09 15:21:12 dev_log : [INFO] [点击 -> -android uiautomator: text("定时执行提醒")]
2017-03-09 15:21:17 dev_log : [STEP] [进入定时执行提醒界面] 
2017-03-09 15:21:17 dev_log : [INFO] [点击 -> -android uiautomator: text("定时执行提醒")]
2017-03-09 15:23:52 dev_log : [INFO] groups:1
2017-03-09 15:23:53 dev_log : [STEP] [点击我的] 
2017-03-09 15:23:53 dev_log : [INFO] [点击 -> -android uiautomator: text("我的")]
2017-03-09 15:23:55 dev_log : [STEP] [点击提醒 设置] 
2017-03-09 15:23:55 dev_log : [INFO] [点击 -> -android uiautomator: text("提醒设置")]
2017-03-09 15:23:57 dev_log : [STEP] [进入定时执行提醒界面] 
2017-03-09 15:23:57 dev_log : [INFO] [点击 -> -android uiautomator: text("定时执行提醒")]
2017-03-09 15:23:59 dev_log : [INFO] WIFI设备数为:8
2017-03-09 15:23:59 dev_log : Success, method:HomeManage.remindersettings()[pri:0, instance:com.oribo.android365.testcase.HomeManage@35d176f7] #parameters:0 time:6629
2017-03-09 15:23:59 dev_log : [INFO] **********
2017-03-09 15:24:05 dev_log : All Tests is finished
2017-03-09 15:24:05 dev_log : PASSED:0
2017-03-09 15:24:05 dev_log : FAILED:0
2017-03-09 15:24:05 dev_log : SKIPPED:0
2017-03-09 15:26:49 dev_log : [INFO] groups:1
2017-03-09 15:26:50 dev_log : [STEP] [点击我的] 
2017-03-09 15:26:50 dev_log : [INFO] [点击 -> -android uiautomator: text("我的")]
2017-03-09 15:26:52 dev_log : [STEP] [点击提醒 设置] 
2017-03-09 15:26:52 dev_log : [INFO] [点击 -> -android uiautomator: text("提醒设置")]
2017-03-09 15:26:54 dev_log : [STEP] [进入定时执行提醒界面] 
2017-03-09 15:26:54 dev_log : [INFO] [点击 -> -android uiautomator: text("定时执行提醒")]
2017-03-09 15:26:56 dev_log : [INFO] WIFI设备数为:8
2017-03-09 15:27:04 dev_log : [STEP] [进入定时执行提醒界面] 
2017-03-09 15:27:04 dev_log : [INFO] [点击 -> -android uiautomator: text("定时执行提醒")]
2017-03-09 15:29:11 dev_log : [INFO] groups:1
2017-03-09 15:29:13 dev_log : [STEP] [点击我的] 
2017-03-09 15:29:13 dev_log : [INFO] [点击 -> -android uiautomator: text("我的")]
2017-03-09 15:29:14 dev_log : [STEP] [点击提醒 设置] 
2017-03-09 15:29:14 dev_log : [INFO] [点击 -> -android uiautomator: text("提醒设置")]
2017-03-09 15:29:16 dev_log : [STEP] [进入定时执行提醒界面] 
2017-03-09 15:29:16 dev_log : [INFO] [点击 -> -android uiautomator: text("定时执行提醒")]
2017-03-09 15:29:18 dev_log : [STEP] [返回到提醒设置界面] 
2017-03-09 15:29:18 dev_log : [INFO] [点击 -> id: com.orvibo.homemate:id/left_iv]
2017-03-09 15:29:22 dev_log : [INFO] WIFI设备数为:8
2017-03-09 15:29:22 dev_log : [STEP] [进入定时执行提醒界面] 
2017-03-09 15:29:22 dev_log : [INFO] [点击 -> -android uiautomator: text("定时执行提醒")]
2017-03-09 15:29:44 dev_log : Skipped, method:HomeManage.remindersettings()[pri:0, instance:com.oribo.android365.testcase.HomeManage@35d176f7]
2017-03-09 15:29:44 dev_log : [INFO] **********
2017-03-09 15:32:02 dev_log : [INFO] groups:1
2017-03-09 15:32:03 dev_log : [STEP] [点击我的] 
2017-03-09 15:32:03 dev_log : [INFO] [点击 -> -android uiautomator: text("我的")]
2017-03-09 15:32:05 dev_log : [STEP] [点击提醒 设置] 
2017-03-09 15:32:05 dev_log : [INFO] [点击 -> -android uiautomator: text("提醒设置")]
2017-03-09 15:32:07 dev_log : [STEP] [进入定时执行提醒界面] 
2017-03-09 15:32:07 dev_log : [INFO] [点击 -> -android uiautomator: text("定时执行提醒")]
2017-03-09 15:32:09 dev_log : [STEP] [返回到提醒设置界面] 
2017-03-09 15:32:09 dev_log : [INFO] [点击 -> id: com.orvibo.homemate:id/left_iv]
2017-03-09 15:32:13 dev_log : [INFO] WIFI设备数为:8
2017-03-09 15:32:13 dev_log : [STEP] [进入节能提醒界面] 
2017-03-09 15:32:13 dev_log : [INFO] [点击 -> -android uiautomator: text("节能提醒")]
2017-03-09 15:32:15 dev_log : [STEP] [进入节能提醒界面] 
2017-03-09 15:32:15 dev_log : [INFO] [点击 -> -android uiautomator: text("节能提醒")]
2017-03-09 15:32:19 dev_log : [STEP] [进入节能提醒界面] 
2017-03-09 15:32:19 dev_log : [INFO] [点击 -> -android uiautomator: text("节能提醒")]
2017-03-09 15:32:23 dev_log : [STEP] [进入节能提醒界面] 
2017-03-09 15:32:23 dev_log : [INFO] [点击 -> -android uiautomator: text("节能提醒")]
2017-03-09 15:33:21 dev_log : [INFO] groups:1
2017-03-09 15:33:23 dev_log : [STEP] [点击我的] 
2017-03-09 15:33:23 dev_log : [INFO] [点击 -> -android uiautomator: text("我的")]
2017-03-09 15:33:24 dev_log : [STEP] [点击提醒 设置] 
2017-03-09 15:33:24 dev_log : [INFO] [点击 -> -android uiautomator: text("提醒设置")]
2017-03-09 15:33:27 dev_log : [STEP] [进入定时执行提醒界面] 
2017-03-09 15:33:27 dev_log : [INFO] [点击 -> -android uiautomator: text("定时执行提醒")]
2017-03-09 15:33:28 dev_log : [STEP] [返回到提醒设置界面] 
2017-03-09 15:33:28 dev_log : [INFO] [点击 -> id: com.orvibo.homemate:id/left_iv]
2017-03-09 15:33:33 dev_log : [INFO] WIFI设备数为:8
2017-03-09 15:33:33 dev_log : [INFO] 灯设备数为:8
2017-03-09 15:33:33 dev_log : [STEP] [进入节能提醒界面] 
2017-03-09 15:33:33 dev_log : [INFO] [点击 -> -android uiautomator: text("节能提醒")]
2017-03-09 15:33:36 dev_log : Success, method:HomeManage.remindersettings()[pri:0, instance:com.oribo.android365.testcase.HomeManage@35d176f7] #parameters:0 time:15328
2017-03-09 15:33:36 dev_log : [INFO] **********
2017-03-09 15:33:42 dev_log : All Tests is finished
2017-03-09 15:33:42 dev_log : PASSED:0
2017-03-09 15:33:42 dev_log : FAILED:0
2017-03-09 15:33:42 dev_log : SKIPPED:0
2017-03-09 15:49:20 dev_log : [INFO] groups:1
2017-03-09 15:49:22 dev_log : [STEP] [点击我的] 
2017-03-09 15:49:22 dev_log : [INFO] [点击 -> -android uiautomator: text("我的")]
2017-03-09 15:49:24 dev_log : [STEP] [点击提醒 设置] 
2017-03-09 15:49:24 dev_log : [INFO] [点击 -> -android uiautomator: text("提醒设置")]
2017-03-09 15:49:26 dev_log : [INFO] WIFI设备数为:8
2017-03-09 15:49:26 dev_log : [STEP] [进入定时执行提醒界面] 
2017-03-09 15:49:26 dev_log : [INFO] [点击 -> -android uiautomator: text("定时执行提醒")]
2017-03-09 15:49:27 dev_log : [STEP] [返回到提醒设置界面] 
2017-03-09 15:49:27 dev_log : [INFO] [点击 -> id: com.orvibo.homemate:id/left_iv]
2017-03-09 15:49:33 dev_log : [INFO] 灯设备数为:9
2017-03-09 15:49:33 dev_log : [STEP] [进入节能提醒界面] 
2017-03-09 15:49:33 dev_log : [INFO] [点击 -> -android uiautomator: text("节能提醒")]
2017-03-09 15:49:35 dev_log : Success, method:HomeManage.remindersettings()[pri:0, instance:com.oribo.android365.testcase.HomeManage@35d176f7] #parameters:0 time:14824
2017-03-09 15:49:35 dev_log : [INFO] **********
2017-03-09 15:49:41 dev_log : All Tests is finished
2017-03-09 15:49:41 dev_log : PASSED:0
2017-03-09 15:49:41 dev_log : FAILED:0
2017-03-09 15:49:41 dev_log : SKIPPED:0
2017-03-09 15:53:32 dev_log : [INFO] groups:1
2017-03-09 15:53:33 dev_log : [STEP] [点击我的] 
2017-03-09 15:53:33 dev_log : [INFO] [点击 -> -android uiautomator: text("我的")]
2017-03-09 15:53:34 dev_log : [STEP] [点击提醒 设置] 
2017-03-09 15:53:34 dev_log : [INFO] [点击 -> -android uiautomator: text("提醒设置")]
2017-03-09 15:53:35 dev_log : [INFO] WIFI设备数为:0
2017-03-09 15:53:56 dev_log : [INFO] 灯设备数为:0
2017-03-09 15:54:16 dev_log : Success, method:HomeManage.remindersettings()[pri:0, instance:com.oribo.android365.testcase.HomeManage@35d176f7] #parameters:0 time:44440
2017-03-09 15:54:16 dev_log : [INFO] **********
2017-03-09 15:54:22 dev_log : All Tests is finished
2017-03-09 15:54:22 dev_log : PASSED:0
2017-03-09 15:54:22 dev_log : FAILED:0
2017-03-09 15:54:22 dev_log : SKIPPED:0
2017-03-09 15:56:24 dev_log : [INFO] groups:1
2017-03-09 15:56:25 dev_log : [STEP] [点击我的] 
2017-03-09 15:56:25 dev_log : [INFO] [点击 -> -android uiautomator: text("我的")]
2017-03-09 15:56:26 dev_log : [STEP] [点击提醒 设置] 
2017-03-09 15:56:26 dev_log : [INFO] [点击 -> -android uiautomator: text("提醒设置")]
2017-03-09 15:56:28 dev_log : [INFO] WIFI设备数为:0
2017-03-09 15:56:48 dev_log : [INFO] 灯设备数为:0
2017-03-09 15:57:09 dev_log : Success, method:HomeManage.remindersettings()[pri:0, instance:com.oribo.android365.testcase.HomeManage@35d176f7] #parameters:0 time:44939
2017-03-09 15:57:09 dev_log : [INFO] **********
2017-03-09 15:57:15 dev_log : All Tests is finished
2017-03-09 15:57:15 dev_log : PASSED:0
2017-03-09 15:57:15 dev_log : FAILED:0
2017-03-09 15:57:15 dev_log : SKIPPED:0
2017-03-09 15:59:08 dev_log : [INFO] groups:1
2017-03-09 15:59:09 dev_log : [STEP] [点击我的] 
2017-03-09 15:59:09 dev_log : [INFO] [点击 -> -android uiautomator: text("我的")]
2017-03-09 15:59:10 dev_log : [STEP] [点击提醒 设置] 
2017-03-09 15:59:10 dev_log : [INFO] [点击 -> -android uiautomator: text("提醒设置")]
2017-03-09 15:59:12 dev_log : [INFO] WIFI设备数为:0
2017-03-09 15:59:32 dev_log : [INFO] 灯设备数为:0
2017-03-09 15:59:53 dev_log : Success, method:HomeManage.remindersettings()[pri:0, instance:com.oribo.android365.testcase.HomeManage@35d176f7] #parameters:0 time:45189
2017-03-09 15:59:53 dev_log : [INFO] **********
2017-03-09 15:59:59 dev_log : All Tests is finished
2017-03-09 15:59:59 dev_log : PASSED:0
2017-03-09 15:59:59 dev_log : FAILED:0
2017-03-09 15:59:59 dev_log : SKIPPED:0
